{"time":"2024-03-23T11:02:18.060Z","side":"SELL","quantity":"0.01","price":64259.58,"profit":0}
{"time":"2024-03-23T11:33:43.019Z","side":"BUY","quantity":"0.01","price":64525.74,"profit":0}
{"time":"2024-03-23T11:37:02.879Z","side":"BUY","quantity":"0.01","price":64571.3,"profit":0}
{"time":"2024-03-23T11:55:17.220Z","side":"BUY","quantity":"0.01","price":64530,"profit":0}
{"time":"2024-03-23T12:07:13.733Z","side":"SELL","quantity":"0.01","price":64570.78,"profit":0.4077999999999884}
{"time":"2024-03-23T12:10:17.055Z","side":"BUY","quantity":"0.01","price":64698.16,"profit":0}
{"time":"2024-03-23T12:18:13.707Z","side":"SELL","quantity":"0.01","price":64645.99,"profit":-0.5217000000000553}
{"time":"2024-03-23T12:27:37.187Z","side":"BUY","quantity":"0.01","price":64647.32,"profit":0}
{"time":"2024-03-23T12:36:11.009Z","side":"SELL","quantity":"0.01","price":64705.85,"profit":0.5852999999999884}
{"time":"2024-03-23T12:46:10.686Z","side":"BUY","quantity":"0.01","price":64692.96,"profit":0}
{"time":"2024-03-23T12:54:16.426Z","side":"SELL","quantity":"0.01","price":64677.6,"profit":-0.15360000000000582}
{"time":"2024-03-23T12:58:14.253Z","side":"BUY","quantity":"0.01","price":64818,"profit":0}
{"time":"2024-03-23T13:08:09.809Z","side":"SELL","quantity":"0.01","price":64782.36,"profit":-0.35639999999999417}
{"time":"2024-03-23T14:52:05.072Z","side":"BUY","quantity":"0.01","price":65199.76,"profit":0}
{"time":"2024-03-23T14:53:49.186Z","side":"BUY","quantity":"0.01","price":65210.68,"profit":0}
{"time":"2024-03-23T15:10:13.861Z","side":"BUY","quantity":"0.01","price":65273.25,"profit":0}
{"time":"2024-03-23T15:10:37.989Z","side":"SELL","quantity":"0.01","price":65211.07,"profit":-0.6218000000000029}
{"time":"2024-03-23T15:10:46.033Z","side":"BUY","quantity":"0.01","price":65222.35,"profit":0}
{"time":"2024-03-23T15:10:49.558Z","side":"BUY","quantity":"0.01","price":65222.35,"profit":0}
{"time":"2024-03-23T15:13:40.971Z","side":"BUY","quantity":"0.01","price":65240.03,"profit":0}
{"time":"2024-03-23T15:13:50.369Z","side":"SELL","quantity":"0.01","price":63134.88,"profit":-21.051500000000015}
{"time":"2024-03-23T15:13:58.409Z","side":"BUY","quantity":"0.01","price":65086.69,"profit":0}
{"time":"2024-03-23T15:15:20.362Z","side":"SELL","quantity":"0.01","price":65190,"profit":1.0330999999999768}
{"time":"2024-03-23T15:15:52.582Z","side":"BUY","quantity":"0.01","price":65229.52,"profit":0}
{"time":"2024-03-23T15:16:16.797Z","side":"SELL","quantity":"0.01","price":65199.82,"profit":-0.2969999999999709}
{"time":"2024-03-23T15:42:14.857Z","side":"BUY","quantity":"0.01","price":64794,"profit":0}
{"time":"2024-03-23T15:42:29.970Z","side":"SELL","quantity":"0.01","price":64763.84,"profit":-0.30160000000003495}
{"time":"2024-03-23T15:42:38.007Z","side":"BUY","quantity":"0.01","price":64779.11,"profit":0}
{"time":"2024-03-23T16:02:11.315Z","side":"SELL","quantity":"0.01","price":65081.26,"profit":3.0215000000000147}
{"time":"2024-03-23T16:02:19.368Z","side":"BUY","quantity":"0.01","price":65091.23,"profit":0}
{"time":"2024-03-23T16:03:16.756Z","side":"SELL","quantity":"0.01","price":65102.02,"profit":0.10789999999993598}
{"time":"2024-03-23T16:17:17.068Z","side":"BUY","quantity":"0.01","price":65067.4,"profit":0}
{"time":"2024-03-23T16:25:18.084Z","side":"SELL","quantity":"0.01","price":65107.49,"profit":0.40089999999996506}
{"time":"2024-03-23T16:29:11.679Z","side":"BUY","quantity":"0.01","price":65108.28,"profit":0}
{"time":"2024-03-23T16:30:37.217Z","side":"SELL","quantity":"0.01","price":65089.27,"profit":-0.19010000000002036}
{"time":"2024-03-23T16:30:53.317Z","side":"BUY","quantity":"0.01","price":65104.57,"profit":0}
{"time":"2024-03-23T16:31:19.489Z","side":"SELL","quantity":"0.01","price":65104.26,"profit":-0.003099999999976717}
{"time":"2024-03-23T16:32:16.821Z","side":"BUY","quantity":"0.01","price":65166.06,"profit":0}
{"time":"2024-03-23T16:52:19.704Z","side":"SELL","quantity":"0.01","price":65426.81,"profit":2.6075}
{"time":"2024-03-23T16:56:29.835Z","side":"BUY","quantity":"0.01","price":65534.77,"profit":0}
{"time":"2024-03-23T17:07:10.880Z","side":"SELL","quantity":"0.01","price":65571.05,"profit":0.36280000000006113}
{"time":"2024-03-23T17:14:18.964Z","side":"BUY","quantity":"0.01","price":65621.97,"profit":0}
{"time":"2024-03-23T17:14:58.308Z","side":"SELL","quantity":"0.01","price":65560.13,"profit":-0.6183999999999651}
{"time":"2024-03-23T17:25:16.016Z","side":"BUY","quantity":"0.01","price":65550.01,"profit":0}
{"time":"2024-03-23T17:31:19.723Z","side":"SELL","quantity":"0.01","price":65507.69,"profit":-0.42319999999992436}
{"time":"2024-03-23T17:31:36.892Z","side":"BUY","quantity":"0.01","price":65562,"profit":0}
{"time":"2024-03-23T17:32:18.200Z","side":"SELL","quantity":"0.01","price":65556.84,"profit":-0.051600000000034923}
{"time":"2024-03-23T17:33:15.483Z","side":"BUY","quantity":"0.01","price":65625.78,"profit":0}
{"time":"2024-03-23T17:46:12.414Z","side":"SELL","quantity":"0.01","price":65848.01,"profit":2.2222999999999593}
{"time":"2024-03-23T17:46:28.527Z","side":"BUY","quantity":"0.01","price":65865.99,"profit":0}
{"time":"2024-03-23T17:46:51.713Z","side":"SELL","quantity":"0.01","price":65841.68,"profit":-0.24310000000012225}
{"time":"2024-03-23T17:57:11.272Z","side":"BUY","quantity":"0.01","price":65759.53,"profit":0}
{"time":"2024-03-23T18:02:11.579Z","side":"SELL","quantity":"0.01","price":65685.87,"profit":-0.7366000000000349}
{"time":"2024-03-23T18:18:17.088Z","side":"BUY","quantity":"0.01","price":65609.99,"profit":0}
{"time":"2024-03-23T19:01:28.406Z","side":"BUY","quantity":"0.01","price":65425,"profit":0}
{"time":"2024-03-23T19:01:43.495Z","side":"SELL","quantity":"0.01","price":65414.09,"profit":-0.10910000000003493}
{"time":"2024-03-23T19:01:59.059Z","side":"BUY","quantity":"0.01","price":65436.97,"profit":0}
{"time":"2024-03-23T19:02:56.029Z","side":"BUY","quantity":"0.01","price":65476.5,"profit":0}
{"time":"2024-03-23T19:04:13.807Z","side":"BUY","quantity":"0.01","price":65400,"profit":0}
{"time":"2024-03-23T19:05:18.281Z","side":"BUY","quantity":"0.01","price":66244,"profit":0}
{"time":"2024-03-23T19:06:48.151Z","side":"BUY","quantity":"0.01","price":65371.84,"profit":0}
{"time":"2024-03-23T19:07:12.063Z","side":"SELL","quantity":"0.01","price":65361.6,"profit":-0.10239999999997963}
